DropboxAPIIntegration/app/build/outputs/logs/manifest-merger-debug-report.txt
-- Merging decision tree log ---
manifest
ADDED from src/main/AndroidManifest.xml:2:1-62:12
	xmlns:android
		ADDED from src/main/AndroidManifest.xml:2:11-69
	package
		ADDED from src/main/AndroidManifest.xml:3:5-64
		INJECTED from src/main/AndroidManifest.xml
		INJECTED from src/main/AndroidManifest.xml
	android:versionName
		ADDED from src/main/AndroidManifest.xml:5:5-30
		INJECTED from src/main/AndroidManifest.xml
		INJECTED from src/main/AndroidManifest.xml
	android:versionCode
		ADDED from src/main/AndroidManifest.xml:4:5-28
		INJECTED from src/main/AndroidManifest.xml
		INJECTED from src/main/AndroidManifest.xml
uses-sdk
ADDED from src/main/AndroidManifest.xml:7:5-9:41
	android:targetSdkVersion
		ADDED from src/main/AndroidManifest.xml:9:9-38
		INJECTED from src/main/AndroidManifest.xml
		INJECTED from src/main/AndroidManifest.xml
	android:minSdkVersion
		ADDED from src/main/AndroidManifest.xml:8:9-34
		INJECTED from src/main/AndroidManifest.xml
		INJECTED from src/main/AndroidManifest.xml
uses-permission#android.permission.INTERNET
ADDED from src/main/AndroidManifest.xml:10:5-67
	android:name
		ADDED from src/main/AndroidManifest.xml:10:22-64
application
ADDED from src/main/AndroidManifest.xml:12:5-53:19
	android:label
		ADDED from src/main/AndroidManifest.xml:15:9-41
	android:allowBackup
		ADDED from src/main/AndroidManifest.xml:13:9-35
	android:icon
		ADDED from src/main/AndroidManifest.xml:14:9-45
activity#com.codingchallenge.android.dropboximplementation.activities.SplashActivity
ADDED from src/main/AndroidManifest.xml:16:9-23:20
	android:name
		ADDED from src/main/AndroidManifest.xml:17:13-54
	android:launchMode
		ADDED from src/main/AndroidManifest.xml:18:13-44
intent-filter#android.intent.action.MAIN+android.intent.category.LAUNCHER
ADDED from src/main/AndroidManifest.xml:19:13-22:29
action#android.intent.action.MAIN
ADDED from src/main/AndroidManifest.xml:20:17-69
	android:name
		ADDED from src/main/AndroidManifest.xml:20:25-66
category#android.intent.category.LAUNCHER
ADDED from src/main/AndroidManifest.xml:21:17-77
	android:name
		ADDED from src/main/AndroidManifest.xml:21:27-74
activity#com.codingchallenge.android.dropboximplementation.activities.MainActivity
ADDED from src/main/AndroidManifest.xml:25:9-28:56
	android:label
		ADDED from src/main/AndroidManifest.xml:27:13-33
	android:name
		ADDED from src/main/AndroidManifest.xml:26:13-52
	android:launchMode
		ADDED from src/main/AndroidManifest.xml:28:13-44
activity#com.dropbox.client2.android.AuthActivity
ADDED from src/main/AndroidManifest.xml:30:9-44:20
	android:configChanges
		ADDED from src/main/AndroidManifest.xml:32:13-57
	android:name
		ADDED from src/main/AndroidManifest.xml:31:13-68
	android:launchMode
		ADDED from src/main/AndroidManifest.xml:33:13-44
intent-filter#android.intent.action.VIEW+android.intent.category.BROWSABLE+android.intent.category.DEFAULT
ADDED from src/main/AndroidManifest.xml:34:13-43:29
data
ADDED from src/main/AndroidManifest.xml:37:17-61
	android:scheme
		ADDED from src/main/AndroidManifest.xml:37:23-58
action#android.intent.action.VIEW
ADDED from src/main/AndroidManifest.xml:39:17-69
	android:name
		ADDED from src/main/AndroidManifest.xml:39:25-66
category#android.intent.category.BROWSABLE
ADDED from src/main/AndroidManifest.xml:41:17-78
	android:name
		ADDED from src/main/AndroidManifest.xml:41:27-75
category#android.intent.category.DEFAULT
ADDED from src/main/AndroidManifest.xml:42:17-76
	android:name
		ADDED from src/main/AndroidManifest.xml:42:27-73
activity#com.codingchallenge.android.dropboximplementation.activities.PictureDetailActivity
ADDED from src/main/AndroidManifest.xml:45:9-47:46
	android:label
		ADDED from src/main/AndroidManifest.xml:47:13-43
	android:name
		ADDED from src/main/AndroidManifest.xml:46:13-61
activity#com.codingchallenge.android.dropboximplementation.activities.PictureListActivity
ADDED from src/main/AndroidManifest.xml:48:9-50:44
	android:label
		ADDED from src/main/AndroidManifest.xml:50:13-41
	android:name
		ADDED from src/main/AndroidManifest.xml:49:13-59
uses-permission#android.permission.WRITE_EXTERNAL_STORAGE
ADDED from src/main/AndroidManifest.xml:55:5-81
	android:name
		ADDED from src/main/AndroidManifest.xml:55:22-78
uses-permission#android.permission.CAMERA
ADDED from src/main/AndroidManifest.xml:56:5-65
	android:name
		ADDED from src/main/AndroidManifest.xml:56:22-62
uses-feature#android.hardware.camera
ADDED from src/main/AndroidManifest.xml:58:5-60
	android:name
		ADDED from src/main/AndroidManifest.xml:58:19-57
uses-feature#android.hardware.camera.autofocus
ADDED from src/main/AndroidManifest.xml:59:5-70
	android:name
		ADDED from src/main/AndroidManifest.xml:59:19-67